Jun-22 13:24:53.941 [main] DEBUG nextflow.cli.Launcher - $> nextflow run nextflow_tapir_poppunk_snp.nf -profile ubuntu_docker --input /home/phemarajata/Downloads/bucket/contextual_samples/ --resultsDir ./results
Jun-22 13:24:54.000 [main] DEBUG nextflow.cli.CmdRun - N E X T F L O W  ~  version 24.10.4
Jun-22 13:24:54.016 [main] DEBUG nextflow.plugin.PluginsFacade - Setting up plugin manager > mode=prod; embedded=false; plugins-dir=/home/phemarajata/.nextflow/plugins; core-plugins: nf-amazon@2.9.2,nf-azure@1.10.2,nf-cloudcache@0.4.2,nf-codecommit@0.2.2,nf-console@1.1.4,nf-google@1.15.3,nf-tower@1.9.3,nf-wave@1.7.4
Jun-22 13:24:54.040 [main] INFO  o.pf4j.DefaultPluginStatusProvider - Enabled plugins: []
Jun-22 13:24:54.041 [main] INFO  o.pf4j.DefaultPluginStatusProvider - Disabled plugins: []
Jun-22 13:24:54.043 [main] INFO  org.pf4j.DefaultPluginManager - PF4J version 3.12.0 in 'deployment' mode
Jun-22 13:24:54.052 [main] INFO  org.pf4j.AbstractPluginManager - No plugins
Jun-22 13:24:54.083 [main] DEBUG nextflow.config.ConfigBuilder - Found config local: /home/phemarajata/nextflow_tapir_poppunk_snp/nextflow.config
Jun-22 13:24:54.085 [main] DEBUG nextflow.config.ConfigBuilder - Parsing config file: /home/phemarajata/nextflow_tapir_poppunk_snp/nextflow.config
Jun-22 13:24:54.114 [main] DEBUG n.secret.LocalSecretsProvider - Secrets store: /home/phemarajata/.nextflow/secrets/store.json
Jun-22 13:24:54.117 [main] DEBUG nextflow.secret.SecretsLoader - Discovered secrets providers: [nextflow.secret.LocalSecretsProvider@1500e009] - activable => nextflow.secret.LocalSecretsProvider@1500e009
Jun-22 13:24:54.127 [main] DEBUG nextflow.config.ConfigBuilder - Applying config profile: `ubuntu_docker`
Jun-22 13:24:54.567 [main] DEBUG nextflow.config.ConfigBuilder - Available config profiles: [standard, ubuntu_docker, docker_fix]
Jun-22 13:24:54.592 [main] DEBUG nextflow.cli.CmdRun - Applied DSL=2 from script declaration
Jun-22 13:24:54.603 [main] DEBUG nextflow.cli.CmdRun - Launching `nextflow_tapir_poppunk_snp.nf` [sharp_jones] DSL2 - revision: c1e704245e
Jun-22 13:24:54.604 [main] WARN  nextflow.cli.CmdRun - Nextflow variables must be defined in the launching environment - The following variable set in the config file is going to be ignored: 'NXF_TEMP'
Jun-22 13:24:54.606 [main] DEBUG nextflow.plugin.PluginsFacade - Plugins default=[]
Jun-22 13:24:54.606 [main] DEBUG nextflow.plugin.PluginsFacade - Plugins resolved requirement=[]
Jun-22 13:24:54.640 [main] DEBUG nextflow.Session - Session UUID: 46a926a6-2a5d-414c-ba51-13f0ae461636
Jun-22 13:24:54.640 [main] DEBUG nextflow.Session - Run name: sharp_jones
Jun-22 13:24:54.640 [main] DEBUG nextflow.Session - Executor pool size: 22
Jun-22 13:24:54.645 [main] DEBUG nextflow.file.FilePorter - File porter settings maxRetries=3; maxTransfers=50; pollTimeout=null
Jun-22 13:24:54.649 [main] DEBUG nextflow.util.ThreadPoolBuilder - Creating thread pool 'FileTransfer' minSize=10; maxSize=66; workQueue=LinkedBlockingQueue[10000]; allowCoreThreadTimeout=false
Jun-22 13:24:54.663 [main] DEBUG nextflow.cli.CmdRun - 
  Version: 24.10.4 build 5934
  Created: 20-01-2025 16:47 UTC (23:47 ICST)
  System: Linux 6.11.0-26-generic
  Runtime: Groovy 4.0.23 on Java HotSpot(TM) 64-Bit Server VM 17.0.12+8-LTS-286
  Encoding: UTF-8 (UTF-8)
  Process: 138763@phemarajata-Stealth-16-MercedesAMG-A1VGG [127.0.1.1]
  CPUs: 22 - Mem: 62.3 GB (16.6 GB) - Swap: 8 GB (8 GB)
Jun-22 13:24:54.680 [main] DEBUG nextflow.Session - Work-dir: /home/phemarajata/nextflow_tapir_poppunk_snp/work [ext2/ext3]
Jun-22 13:24:54.681 [main] DEBUG nextflow.Session - Script base path does not exist or is not a directory: /home/phemarajata/nextflow_tapir_poppunk_snp/bin
Jun-22 13:24:54.689 [main] DEBUG nextflow.executor.ExecutorFactory - Extension executors providers=[]
Jun-22 13:24:54.695 [main] DEBUG nextflow.Session - Observer factory: DefaultObserverFactory
Jun-22 13:24:54.728 [main] DEBUG nextflow.cache.CacheFactory - Using Nextflow cache factory: nextflow.cache.DefaultCacheFactory
Jun-22 13:24:54.735 [main] DEBUG nextflow.util.CustomThreadPool - Creating default thread pool > poolSize: 23; maxThreads: 1000
Jun-22 13:24:54.772 [main] DEBUG nextflow.Session - Session start
Jun-22 13:24:54.774 [main] DEBUG nextflow.trace.TraceFileObserver - Workflow started -- trace file: /home/phemarajata/nextflow_tapir_poppunk_snp/results/trace.txt
Jun-22 13:24:55.160 [main] DEBUG nextflow.script.ScriptRunner - > Launching execution
Jun-22 13:24:55.257 [main] DEBUG nextflow.script.ProcessConfig - Config settings `withName:POPPUNK` matches process POPPUNK
Jun-22 13:24:55.266 [main] DEBUG nextflow.executor.ExecutorFactory - << taskConfig executor: local
Jun-22 13:24:55.266 [main] DEBUG nextflow.executor.ExecutorFactory - >> processorType: 'local'
Jun-22 13:24:55.271 [main] DEBUG nextflow.executor.Executor - [warm up] executor > local
Jun-22 13:24:55.276 [main] DEBUG n.processor.LocalPollingMonitor - Creating local task monitor for executor 'local' > cpus=22; memory=64 GB; capacity=10; pollInterval=100ms; dumpInterval=5m
Jun-22 13:24:55.277 [main] DEBUG n.processor.TaskPollingMonitor - >>> barrier register (monitor: local)
Jun-22 13:24:55.350 [main] DEBUG nextflow.script.ProcessConfig - Config settings `withName:PANAROO` matches process PANAROO
Jun-22 13:24:55.353 [main] DEBUG nextflow.executor.ExecutorFactory - << taskConfig executor: local
Jun-22 13:24:55.354 [main] DEBUG nextflow.executor.ExecutorFactory - >> processorType: 'local'
Jun-22 13:24:55.359 [main] DEBUG nextflow.script.ProcessConfig - Config settings `withName:GUBBINS` matches process GUBBINS
Jun-22 13:24:55.361 [main] DEBUG nextflow.executor.ExecutorFactory - << taskConfig executor: local
Jun-22 13:24:55.361 [main] DEBUG nextflow.executor.ExecutorFactory - >> processorType: 'local'
Jun-22 13:24:55.365 [main] DEBUG nextflow.script.ProcessConfig - Config settings `withName:IQTREE` matches process IQTREE
Jun-22 13:24:55.366 [main] DEBUG nextflow.executor.ExecutorFactory - << taskConfig executor: local
Jun-22 13:24:55.366 [main] DEBUG nextflow.executor.ExecutorFactory - >> processorType: 'local'
Jun-22 13:24:55.369 [main] DEBUG nextflow.Session - Workflow process names [dsl2]: GUBBINS, IQTREE, PANAROO, POPPUNK
Jun-22 13:24:55.370 [main] DEBUG nextflow.Session - Igniting dataflow network (5)
Jun-22 13:24:55.374 [PathVisitor-1] DEBUG nextflow.file.PathVisitor - files for syntax: glob; folder: /home/phemarajata/Downloads/bucket/contextual_samples/; pattern: *.{fasta,fa,fas}; options: [:]
Jun-22 13:24:55.374 [main] DEBUG nextflow.processor.TaskProcessor - Starting process > POPPUNK
Jun-22 13:24:55.375 [main] DEBUG nextflow.processor.TaskProcessor - Starting process > PANAROO
Jun-22 13:24:55.375 [main] DEBUG nextflow.processor.TaskProcessor - Starting process > GUBBINS
Jun-22 13:24:55.375 [main] DEBUG nextflow.processor.TaskProcessor - Starting process > IQTREE
Jun-22 13:24:55.375 [main] DEBUG nextflow.script.ScriptRunner - Parsed script files:
  Script_f253f386a7400305: /home/phemarajata/nextflow_tapir_poppunk_snp/nextflow_tapir_poppunk_snp.nf
Jun-22 13:24:55.376 [main] DEBUG nextflow.script.ScriptRunner - > Awaiting termination 
Jun-22 13:24:55.376 [main] DEBUG nextflow.Session - Session await
Jun-22 13:24:55.520 [Task submitter] DEBUG n.executor.local.LocalTaskHandler - Launch cmd line: /bin/bash -ue .command.run
Jun-22 13:24:55.522 [Task submitter] INFO  nextflow.Session - [52/120c45] Submitted process > POPPUNK (PopPUNK_clustering)
Jun-22 13:24:55.721 [Task monitor] DEBUG n.processor.TaskPollingMonitor - Task completed > TaskHandler[id: 1; name: POPPUNK (PopPUNK_clustering); status: COMPLETED; exit: 125; error: -; workDir: /home/phemarajata/nextflow_tapir_poppunk_snp/work/52/120c459ffe2d8921c687c2c5a49d5f]
Jun-22 13:24:55.722 [Task monitor] DEBUG nextflow.util.ThreadPoolBuilder - Creating thread pool 'TaskFinalizer' minSize=10; maxSize=66; workQueue=LinkedBlockingQueue[10000]; allowCoreThreadTimeout=false
Jun-22 13:24:55.729 [TaskFinalizer-1] DEBUG nextflow.processor.TaskProcessor - Handling unexpected condition for
  task: name=POPPUNK (PopPUNK_clustering); work-dir=/home/phemarajata/nextflow_tapir_poppunk_snp/work/52/120c459ffe2d8921c687c2c5a49d5f
  error [nextflow.exception.ProcessFailedException]: Process `POPPUNK (PopPUNK_clustering)` terminated with an error exit status (125)
Jun-22 13:24:55.739 [TaskFinalizer-1] ERROR nextflow.processor.TaskProcessor - Error executing process > 'POPPUNK (PopPUNK_clustering)'

Caused by:
  Process `POPPUNK (PopPUNK_clustering)` terminated with an error exit status (125)


Command executed:

  # Create a list file for PopPUNK with full paths
  for file in *.{fasta,fa,fas}; do
      if [ -f "$file" ]; then
          echo "$(pwd)/$file" >> assembly_list.txt
      fi
  done
  
  # Check if we have any files
  if [ ! -s assembly_list.txt ]; then
      echo "No FASTA files found!"
      exit 1
  fi
  
  echo "Found $(wc -l < assembly_list.txt) assembly files"
  
  # Create database
  poppunk --create-db --r-files assembly_list.txt \
          --output poppunk_db --threads 22 || exit 1
  
  # Fit model
  poppunk --fit-model --ref-db poppunk_db \
          --output poppunk_fit --threads 22 || exit 1
  
  # Assign clusters
  poppunk --assign-query --ref-db poppunk_db \
          --q-files assembly_list.txt \
          --output poppunk_assigned --threads 22 || exit 1
  
  # Find and copy the cluster assignment file
  find poppunk_assigned -name "*clusters.csv" -exec cp {} clusters.csv \;
  
  # If that doesn't work, try alternative names
  if [ ! -f clusters.csv ]; then
      find poppunk_assigned -name "*cluster*.csv" -exec cp {} clusters.csv \;
  fi
  
  # Final check
  if [ ! -f clusters.csv ]; then
      echo "Could not find cluster assignment file. Available files:"
      find poppunk_assigned -name "*.csv" -ls
      exit 1
  fi
  
  echo "Cluster assignments created successfully"
  head -5 clusters.csv

Command exit status:
  125

Command output:
  (empty)

Command error:
  docker: Error response from daemon: Duplicate mount point: /tmp
  
  Run 'docker run --help' for more information

Work dir:
  /home/phemarajata/nextflow_tapir_poppunk_snp/work/52/120c459ffe2d8921c687c2c5a49d5f

Container:
  staphb/poppunk:2.7.5

Tip: view the complete command output by changing to the process work dir and entering the command `cat .command.out`
Jun-22 13:24:55.745 [main] DEBUG nextflow.Session - Session await > all processes finished
Jun-22 13:24:55.752 [TaskFinalizer-1] DEBUG nextflow.Session - Session aborted -- Cause: Process `POPPUNK (PopPUNK_clustering)` terminated with an error exit status (125)
Jun-22 13:24:55.770 [TaskFinalizer-1] DEBUG nextflow.Session - 
Thread[Finalizer,8,system]
  java.base@17.0.12/java.lang.Object.wait(Native Method)
  java.base@17.0.12/java.lang.ref.ReferenceQueue.remove(ReferenceQueue.java:155)
  java.base@17.0.12/java.lang.ref.ReferenceQueue.remove(ReferenceQueue.java:176)
  java.base@17.0.12/java.lang.ref.Finalizer$FinalizerThread.run(Finalizer.java:172)

Thread[Reference Handler,10,system]
  java.base@17.0.12/java.lang.ref.Reference.waitForReferencePendingList(Native Method)
  java.base@17.0.12/java.lang.ref.Reference.processPendingReferences(Reference.java:253)
  java.base@17.0.12/java.lang.ref.Reference$ReferenceHandler.run(Reference.java:215)

Thread[Actor Thread 21,5,main]
  java.base@17.0.12/jdk.internal.misc.Unsafe.park(Native Method)
  java.base@17.0.12/java.util.concurrent.locks.LockSupport.park(LockSupport.java:341)
  java.base@17.0.12/java.util.concurrent.SynchronousQueue$TransferStack$SNode.block(SynchronousQueue.java:288)
  java.base@17.0.12/java.util.concurrent.ForkJoinPool.unmanagedBlock(ForkJoinPool.java:3465)
  java.base@17.0.12/java.util.concurrent.ForkJoinPool.managedBlock(ForkJoinPool.java:3436)
  java.base@17.0.12/java.util.concurrent.SynchronousQueue$TransferStack.transfer(SynchronousQueue.java:397)
  java.base@17.0.12/java.util.concurrent.SynchronousQueue.take(SynchronousQueue.java:886)
  java.base@17.0.12/java.util.concurrent.ThreadPoolExecutor.getTask(ThreadPoolExecutor.java:1062)
  java.base@17.0.12/java.util.concurrent.ThreadPoolExecutor.runWorker(ThreadPoolExecutor.java:1122)
  java.base@17.0.12/java.util.concurrent.ThreadPoolExecutor$Worker.run(ThreadPoolExecutor.java:635)
  java.base@17.0.12/java.lang.Thread.run(Thread.java:842)

Thread[Actor Thread 11,5,main]
  java.base@17.0.12/jdk.internal.misc.Unsafe.park(Native Method)
  java.base@17.0.12/java.util.concurrent.locks.LockSupport.park(LockSupport.java:341)
  java.base@17.0.12/java.util.concurrent.SynchronousQueue$TransferStack$SNode.block(SynchronousQueue.java:288)
  java.base@17.0.12/java.util.concurrent.ForkJoinPool.unmanagedBlock(ForkJoinPool.java:3465)
  java.base@17.0.12/java.util.concurrent.ForkJoinPool.managedBlock(ForkJoinPool.java:3436)
  java.base@17.0.12/java.util.concurrent.SynchronousQueue$TransferStack.transfer(SynchronousQueue.java:397)
  java.base@17.0.12/java.util.concurrent.SynchronousQueue.take(SynchronousQueue.java:886)
  java.base@17.0.12/java.util.concurrent.ThreadPoolExecutor.getTask(ThreadPoolExecutor.java:1062)
  java.base@17.0.12/java.util.concurrent.ThreadPoolExecutor.runWorker(ThreadPoolExecutor.java:1122)
  java.base@17.0.12/java.util.concurrent.ThreadPoolExecutor$Worker.run(ThreadPoolExecutor.java:635)
  java.base@17.0.12/java.lang.Thread.run(Thread.java:842)

Thread[Actor Thread 14,5,main]
  java.base@17.0.12/jdk.internal.misc.Unsafe.park(Native Method)
  java.base@17.0.12/java.util.concurrent.locks.LockSupport.park(LockSupport.java:341)
  java.base@17.0.12/java.util.concurrent.SynchronousQueue$TransferStack$SNode.block(SynchronousQueue.java:288)
  java.base@17.0.12/java.util.concurrent.ForkJoinPool.unmanagedBlock(ForkJoinPool.java:3465)
  java.base@17.0.12/java.util.concurrent.ForkJoinPool.managedBlock(ForkJoinPool.java:3436)
  java.base@17.0.12/java.util.concurrent.SynchronousQueue$TransferStack.transfer(SynchronousQueue.java:397)
  java.base@17.0.12/java.util.concurrent.SynchronousQueue.take(SynchronousQueue.java:886)
  java.base@17.0.12/java.util.concurrent.ThreadPoolExecutor.getTask(ThreadPoolExecutor.java:1062)
  java.base@17.0.12/java.util.concurrent.ThreadPoolExecutor.runWorker(ThreadPoolExecutor.java:1122)
  java.base@17.0.12/java.util.concurrent.ThreadPoolExecutor$Worker.run(ThreadPoolExecutor.java:635)
  java.base@17.0.12/java.lang.Thread.run(Thread.java:842)

Thread[Actor Thread 23,5,main]
  java.base@17.0.12/jdk.internal.misc.Unsafe.park(Native Method)
  java.base@17.0.12/java.util.concurrent.locks.LockSupport.park(LockSupport.java:341)
  java.base@17.0.12/java.util.concurrent.SynchronousQueue$TransferStack$SNode.block(SynchronousQueue.java:288)
  java.base@17.0.12/java.util.concurrent.ForkJoinPool.unmanagedBlock(ForkJoinPool.java:3465)
  java.base@17.0.12/java.util.concurrent.ForkJoinPool.managedBlock(ForkJoinPool.java:3436)
  java.base@17.0.12/java.util.concurrent.SynchronousQueue$TransferStack.transfer(SynchronousQueue.java:397)
  java.base@17.0.12/java.util.concurrent.SynchronousQueue.take(SynchronousQueue.java:886)
  java.base@17.0.12/java.util.concurrent.ThreadPoolExecutor.getTask(ThreadPoolExecutor.java:1062)
  java.base@17.0.12/java.util.concurrent.ThreadPoolExecutor.runWorker(ThreadPoolExecutor.java:1122)
  java.base@17.0.12/java.util.concurrent.ThreadPoolExecutor$Worker.run(ThreadPoolExecutor.java:635)
  java.base@17.0.12/java.lang.Thread.run(Thread.java:842)

Thread[process reaper,10,system]
  java.base@17.0.12/jdk.internal.misc.Unsafe.park(Native Method)
  java.base@17.0.12/java.util.concurrent.locks.LockSupport.parkNanos(LockSupport.java:252)
  java.base@17.0.12/java.util.concurrent.SynchronousQueue$TransferStack.transfer(SynchronousQueue.java:401)
  java.base@17.0.12/java.util.concurrent.SynchronousQueue.poll(SynchronousQueue.java:903)
  java.base@17.0.12/java.util.concurrent.ThreadPoolExecutor.getTask(ThreadPoolExecutor.java:1061)
  java.base@17.0.12/java.util.concurrent.ThreadPoolExecutor.runWorker(ThreadPoolExecutor.java:1122)
  java.base@17.0.12/java.util.concurrent.ThreadPoolExecutor$Worker.run(ThreadPoolExecutor.java:635)
  java.base@17.0.12/java.lang.Thread.run(Thread.java:842)

Thread[Actor Thread 18,5,main]
  java.base@17.0.12/jdk.internal.misc.Unsafe.park(Native Method)
  java.base@17.0.12/java.util.concurrent.locks.LockSupport.park(LockSupport.java:341)
  java.base@17.0.12/java.util.concurrent.SynchronousQueue$TransferStack$SNode.block(SynchronousQueue.java:288)
  java.base@17.0.12/java.util.concurrent.ForkJoinPool.unmanagedBlock(ForkJoinPool.java:3465)
  java.base@17.0.12/java.util.concurrent.ForkJoinPool.managedBlock(ForkJoinPool.java:3436)
  java.base@17.0.12/java.util.concurrent.SynchronousQueue$TransferStack.transfer(SynchronousQueue.java:397)
  java.base@17.0.12/java.util.concurrent.SynchronousQueue.take(SynchronousQueue.java:886)
  java.base@17.0.12/java.util.concurrent.ThreadPoolExecutor.getTask(ThreadPoolExecutor.java:1062)
  java.base@17.0.12/java.util.concurrent.ThreadPoolExecutor.runWorker(ThreadPoolExecutor.java:1122)
  java.base@17.0.12/java.util.concurrent.ThreadPoolExecutor$Worker.run(ThreadPoolExecutor.java:635)
  java.base@17.0.12/java.lang.Thread.run(Thread.java:842)

Thread[Actor Thread 20,5,main]
  java.base@17.0.12/jdk.internal.misc.Unsafe.park(Native Method)
  java.base@17.0.12/java.util.concurrent.locks.LockSupport.park(LockSupport.java:341)
  java.base@17.0.12/java.util.concurrent.SynchronousQueue$TransferStack$SNode.block(SynchronousQueue.java:288)
  java.base@17.0.12/java.util.concurrent.ForkJoinPool.unmanagedBlock(ForkJoinPool.java:3465)
  java.base@17.0.12/java.util.concurrent.ForkJoinPool.managedBlock(ForkJoinPool.java:3436)
  java.base@17.0.12/java.util.concurrent.SynchronousQueue$TransferStack.transfer(SynchronousQueue.java:397)
  java.base@17.0.12/java.util.concurrent.SynchronousQueue.take(SynchronousQueue.java:886)
  java.base@17.0.12/java.util.concurrent.ThreadPoolExecutor.getTask(ThreadPoolExecutor.java:1062)
  java.base@17.0.12/java.util.concurrent.ThreadPoolExecutor.runWorker(ThreadPoolExecutor.java:1122)
  java.base@17.0.12/java.util.concurrent.ThreadPoolExecutor$Worker.run(ThreadPoolExecutor.java:635)
  java.base@17.0.12/java.lang.Thread.run(Thread.java:842)

Thread[Signal Dispatcher,9,system]

Thread[Actor Thread 7,5,main]
  java.base@17.0.12/jdk.internal.misc.Unsafe.park(Native Method)
  java.base@17.0.12/java.util.concurrent.locks.LockSupport.park(LockSupport.java:341)
  java.base@17.0.12/java.util.concurrent.SynchronousQueue$TransferStack$SNode.block(SynchronousQueue.java:288)
  java.base@17.0.12/java.util.concurrent.ForkJoinPool.unmanagedBlock(ForkJoinPool.java:3465)
  java.base@17.0.12/java.util.concurrent.ForkJoinPool.managedBlock(ForkJoinPool.java:3436)
  java.base@17.0.12/java.util.concurrent.SynchronousQueue$TransferStack.transfer(SynchronousQueue.java:397)
  java.base@17.0.12/java.util.concurrent.SynchronousQueue.take(SynchronousQueue.java:886)
  java.base@17.0.12/java.util.concurrent.ThreadPoolExecutor.getTask(ThreadPoolExecutor.java:1062)
  java.base@17.0.12/java.util.concurrent.ThreadPoolExecutor.runWorker(ThreadPoolExecutor.java:1122)
  java.base@17.0.12/java.util.concurrent.ThreadPoolExecutor$Worker.run(ThreadPoolExecutor.java:635)
  java.base@17.0.12/java.lang.Thread.run(Thread.java:842)

Thread[pool-2-thread-1,5,main]
  java.base@17.0.12/jdk.internal.misc.Unsafe.park(Native Method)
  java.base@17.0.12/java.util.concurrent.locks.LockSupport.park(LockSupport.java:341)
  java.base@17.0.12/java.util.concurrent.locks.AbstractQueuedSynchronizer$ConditionNode.block(AbstractQueuedSynchronizer.java:506)
  java.base@17.0.12/java.util.concurrent.ForkJoinPool.unmanagedBlock(ForkJoinPool.java:3465)
  java.base@17.0.12/java.util.concurrent.ForkJoinPool.managedBlock(ForkJoinPool.java:3436)
  java.base@17.0.12/java.util.concurrent.locks.AbstractQueuedSynchronizer$ConditionObject.await(AbstractQueuedSynchronizer.java:1623)
  java.base@17.0.12/java.util.concurrent.LinkedBlockingQueue.take(LinkedBlockingQueue.java:435)
  java.base@17.0.12/java.util.concurrent.ThreadPoolExecutor.getTask(ThreadPoolExecutor.java:1062)
  java.base@17.0.12/java.util.concurrent.ThreadPoolExecutor.runWorker(ThreadPoolExecutor.java:1122)
  java.base@17.0.12/java.util.concurrent.ThreadPoolExecutor$Worker.run(ThreadPoolExecutor.java:635)
  java.base@17.0.12/java.lang.Thread.run(Thread.java:842)

Thread[PathVisitor-1,5,main]
  java.base@17.0.12/jdk.internal.misc.Unsafe.park(Native Method)
  java.base@17.0.12/java.util.concurrent.locks.LockSupport.parkNanos(LockSupport.java:252)
  java.base@17.0.12/java.util.concurrent.SynchronousQueue$TransferStack.transfer(SynchronousQueue.java:401)
  java.base@17.0.12/java.util.concurrent.SynchronousQueue.poll(SynchronousQueue.java:903)
  java.base@17.0.12/java.util.concurrent.ThreadPoolExecutor.getTask(ThreadPoolExecutor.java:1061)
  java.base@17.0.12/java.util.concurrent.ThreadPoolExecutor.runWorker(ThreadPoolExecutor.java:1122)
  java.base@17.0.12/java.util.concurrent.ThreadPoolExecutor$Worker.run(ThreadPoolExecutor.java:635)
  java.base@17.0.12/java.lang.Thread.run(Thread.java:842)

Thread[Thread-1,5,main]
  java.base@17.0.12/jdk.internal.misc.Unsafe.park(Native Method)
  java.base@17.0.12/java.util.concurrent.locks.LockSupport.parkNanos(LockSupport.java:252)
  java.base@17.0.12/java.util.concurrent.locks.AbstractQueuedSynchronizer$ConditionObject.awaitNanos(AbstractQueuedSynchronizer.java:1672)
  java.base@17.0.12/java.util.concurrent.LinkedBlockingDeque.pollFirst(LinkedBlockingDeque.java:515)
  java.base@17.0.12/java.util.concurrent.LinkedBlockingDeque.poll(LinkedBlockingDeque.java:677)
  app//nextflow.util.SimpleAgent.run(SimpleAgent.groovy:89)
  java.base@17.0.12/jdk.internal.reflect.NativeMethodAccessorImpl.invoke0(Native Method)
  java.base@17.0.12/jdk.internal.reflect.NativeMethodAccessorImpl.invoke(NativeMethodAccessorImpl.java:77)
  java.base@17.0.12/jdk.internal.reflect.DelegatingMethodAccessorImpl.invoke(DelegatingMethodAccessorImpl.java:43)
  java.base@17.0.12/java.lang.reflect.Method.invoke(Method.java:568)
  app//org.codehaus.groovy.reflection.CachedMethod.invoke(CachedMethod.java:343)
  app//groovy.lang.MetaMethod.doMethodInvoke(MetaMethod.java:328)
  app//groovy.lang.MetaClassImpl.doInvokeMethod(MetaClassImpl.java:1333)
  app//groovy.lang.MetaClassImpl.invokeMethod(MetaClassImpl.java:1088)
  app//groovy.lang.MetaClassImpl.invokeMethodClosure(MetaClassImpl.java:1017)
  app//groovy.lang.MetaClassImpl.doInvokeMethod(MetaClassImpl.java:1207)
  app//groovy.lang.MetaClassImpl.invokeMethod(MetaClassImpl.java:1088)
  app//groovy.lang.MetaClassImpl.invokeMethod(MetaClassImpl.java:1007)
  app//groovy.lang.Closure.call(Closure.java:433)
  app//groovy.lang.Closure.call(Closure.java:412)
  app//groovy.lang.Closure.run(Closure.java:505)
  java.base@17.0.12/java.lang.Thread.run(Thread.java:842)

Thread[Task submitter,5,main]
  java.base@17.0.12/jdk.internal.misc.Unsafe.park(Native Method)
  java.base@17.0.12/java.util.concurrent.locks.LockSupport.park(LockSupport.java:341)
  java.base@17.0.12/java.util.concurrent.locks.AbstractQueuedSynchronizer$ConditionNode.block(AbstractQueuedSynchronizer.java:506)
  java.base@17.0.12/java.util.concurrent.ForkJoinPool.unmanagedBlock(ForkJoinPool.java:3465)
  java.base@17.0.12/java.util.concurrent.ForkJoinPool.managedBlock(ForkJoinPool.java:3436)
  java.base@17.0.12/java.util.concurrent.locks.AbstractQueuedSynchronizer$ConditionObject.await(AbstractQueuedSynchronizer.java:1623)
  app//nextflow.processor.TaskPollingMonitor.awaitTasks(TaskPollingMonitor.groovy:388)
  app//nextflow.processor.TaskPollingMonitor.submitLoop(TaskPollingMonitor.groovy:412)
  java.base@17.0.12/jdk.internal.reflect.NativeMethodAccessorImpl.invoke0(Native Method)
  java.base@17.0.12/jdk.internal.reflect.NativeMethodAccessorImpl.invoke(NativeMethodAccessorImpl.java:77)
  java.base@17.0.12/jdk.internal.reflect.DelegatingMethodAccessorImpl.invoke(DelegatingMethodAccessorImpl.java:43)
  java.base@17.0.12/java.lang.reflect.Method.invoke(Method.java:568)
  app//org.codehaus.groovy.reflection.CachedMethod.invoke(CachedMethod.java:343)
  app//groovy.lang.MetaMethod.doMethodInvoke(MetaMethod.java:328)
  app//groovy.lang.MetaClassImpl.doInvokeMethod(MetaClassImpl.java:1333)
  app//groovy.lang.MetaClassImpl.invokeMethod(MetaClassImpl.java:1088)
  app//groovy.lang.MetaClassImpl.invokeMethodClosure(MetaClassImpl.java:1017)
  app//groovy.lang.MetaClassImpl.doInvokeMethod(MetaClassImpl.java:1207)
  app//groovy.lang.MetaClassImpl.invokeMethod(MetaClassImpl.java:1088)
  app//groovy.lang.MetaClassImpl.invokeMethod(MetaClassImpl.java:1007)
  app//groovy.lang.Closure.call(Closure.java:433)
  app//groovy.lang.Closure.call(Closure.java:412)
  app//groovy.lang.Closure.run(Closure.java:505)
  java.base@17.0.12/java.lang.Thread.run(Thread.java:842)

Thread[Actor Thread 2,5,main]
  java.base@17.0.12/jdk.internal.misc.Unsafe.park(Native Method)
  java.base@17.0.12/java.util.concurrent.locks.LockSupport.park(LockSupport.java:341)
  java.base@17.0.12/java.util.concurrent.SynchronousQueue$TransferStack$SNode.block(SynchronousQueue.java:288)
  java.base@17.0.12/java.util.concurrent.ForkJoinPool.unmanagedBlock(ForkJoinPool.java:3465)
  java.base@17.0.12/java.util.concurrent.ForkJoinPool.managedBlock(ForkJoinPool.java:3436)
  java.base@17.0.12/java.util.concurrent.SynchronousQueue$TransferStack.transfer(SynchronousQueue.java:397)
  java.base@17.0.12/java.util.concurrent.SynchronousQueue.take(SynchronousQueue.java:886)
  java.base@17.0.12/java.util.concurrent.ThreadPoolExecutor.getTask(ThreadPoolExecutor.java:1062)
  java.base@17.0.12/java.util.concurrent.ThreadPoolExecutor.runWorker(ThreadPoolExecutor.java:1122)
  java.base@17.0.12/java.util.concurrent.ThreadPoolExecutor$Worker.run(ThreadPoolExecutor.java:635)
  java.base@17.0.12/java.lang.Thread.run(Thread.java:842)

Thread[Notification Thread,9,system]

Thread[Actor Thread 12,5,main]
  java.base@17.0.12/jdk.internal.misc.Unsafe.park(Native Method)
  java.base@17.0.12/java.util.concurrent.locks.LockSupport.park(LockSupport.java:341)
  java.base@17.0.12/java.util.concurrent.SynchronousQueue$TransferStack$SNode.block(SynchronousQueue.java:288)
  java.base@17.0.12/java.util.concurrent.ForkJoinPool.unmanagedBlock(ForkJoinPool.java:3465)
  java.base@17.0.12/java.util.concurrent.ForkJoinPool.managedBlock(ForkJoinPool.java:3436)
  java.base@17.0.12/java.util.concurrent.SynchronousQueue$TransferStack.transfer(SynchronousQueue.java:397)
  java.base@17.0.12/java.util.concurrent.SynchronousQueue.take(SynchronousQueue.java:886)
  java.base@17.0.12/java.util.concurrent.ThreadPoolExecutor.getTask(ThreadPoolExecutor.java:1062)
  java.base@17.0.12/java.util.concurrent.ThreadPoolExecutor.runWorker(ThreadPoolExecutor.java:1122)
  java.base@17.0.12/java.util.concurrent.ThreadPoolExecutor$Worker.run(ThreadPoolExecutor.java:635)
  java.base@17.0.12/java.lang.Thread.run(Thread.java:842)

Thread[main,5,main]
  java.base@17.0.12/jdk.internal.misc.Unsafe.park(Native Method)
  java.base@17.0.12/java.util.concurrent.locks.LockSupport.park(LockSupport.java:341)
  java.base@17.0.12/java.util.concurrent.locks.AbstractQueuedSynchronizer$ConditionNode.block(AbstractQueuedSynchronizer.java:506)
  java.base@17.0.12/java.util.concurrent.ForkJoinPool.unmanagedBlock(ForkJoinPool.java:3465)
  java.base@17.0.12/java.util.concurrent.ForkJoinPool.managedBlock(ForkJoinPool.java:3436)
  java.base@17.0.12/java.util.concurrent.locks.AbstractQueuedSynchronizer$ConditionObject.await(AbstractQueuedSynchronizer.java:1623)
  app//nextflow.util.Barrier$_awaitCompletion_closure3.doCall(Barrier.groovy:92)
  app//nextflow.util.Barrier$_awaitCompletion_closure3.call(Barrier.groovy)
  app//nextflow.extension.Bolts.withLock(Bolts.groovy:337)
  app//nextflow.extension.Bolts.withLock(Bolts.groovy)
  app//nextflow.util.Barrier.awaitCompletion(Barrier.groovy:89)
  app//nextflow.Session.await(Session.groovy:679)
  app//nextflow.script.ScriptRunner.await(ScriptRunner.groovy:256)
  app//nextflow.script.ScriptRunner.execute(ScriptRunner.groovy:144)
  app//nextflow.cli.CmdRun.run(CmdRun.groovy:376)
  app//nextflow.cli.Launcher.run(Launcher.groovy:503)
  app//nextflow.cli.Launcher.main(Launcher.groovy:658)

Thread[Actor Thread 10,5,main]
  java.base@17.0.12/jdk.internal.misc.Unsafe.park(Native Method)
  java.base@17.0.12/java.util.concurrent.locks.LockSupport.park(LockSupport.java:341)
  java.base@17.0.12/java.util.concurrent.SynchronousQueue$TransferStack$SNode.block(SynchronousQueue.java:288)
  java.base@17.0.12/java.util.concurrent.ForkJoinPool.unmanagedBlock(ForkJoinPool.java:3465)
  java.base@17.0.12/java.util.concurrent.ForkJoinPool.managedBlock(ForkJoinPool.java:3436)
  java.base@17.0.12/java.util.concurrent.SynchronousQueue$TransferStack.transfer(SynchronousQueue.java:397)
  java.base@17.0.12/java.util.concurrent.SynchronousQueue.take(SynchronousQueue.java:886)
  java.base@17.0.12/java.util.concurrent.ThreadPoolExecutor.getTask(ThreadPoolExecutor.java:1062)
  java.base@17.0.12/java.util.concurrent.ThreadPoolExecutor.runWorker(ThreadPoolExecutor.java:1122)
  java.base@17.0.12/java.util.concurrent.ThreadPoolExecutor$Worker.run(ThreadPoolExecutor.java:635)
  java.base@17.0.12/java.lang.Thread.run(Thread.java:842)

Thread[Actor Thread 13,5,main]
  java.base@17.0.12/jdk.internal.misc.Unsafe.park(Native Method)
  java.base@17.0.12/java.util.concurrent.locks.LockSupport.park(LockSupport.java:341)
  java.base@17.0.12/java.util.concurrent.SynchronousQueue$TransferStack$SNode.block(SynchronousQueue.java:288)
  java.base@17.0.12/java.util.concurrent.ForkJoinPool.unmanagedBlock(ForkJoinPool.java:3465)
  java.base@17.0.12/java.util.concurrent.ForkJoinPool.managedBlock(ForkJoinPool.java:3436)
  java.base@17.0.12/java.util.concurrent.SynchronousQueue$TransferStack.transfer(SynchronousQueue.java:397)
  java.base@17.0.12/java.util.concurrent.SynchronousQueue.take(SynchronousQueue.java:886)
  java.base@17.0.12/java.util.concurrent.ThreadPoolExecutor.getTask(ThreadPoolExecutor.java:1062)
  java.base@17.0.12/java.util.concurrent.ThreadPoolExecutor.runWorker(ThreadPoolExecutor.java:1122)
  java.base@17.0.12/java.util.concurrent.ThreadPoolExecutor$Worker.run(ThreadPoolExecutor.java:635)
  java.base@17.0.12/java.lang.Thread.run(Thread.java:842)

Thread[Actor Thread 8,5,main]
  java.base@17.0.12/jdk.internal.misc.Unsafe.park(Native Method)
  java.base@17.0.12/java.util.concurrent.locks.LockSupport.park(LockSupport.java:341)
  java.base@17.0.12/java.util.concurrent.SynchronousQueue$TransferStack$SNode.block(SynchronousQueue.java:288)
  java.base@17.0.12/java.util.concurrent.ForkJoinPool.unmanagedBlock(ForkJoinPool.java:3465)
  java.base@17.0.12/java.util.concurrent.ForkJoinPool.managedBlock(ForkJoinPool.java:3436)
  java.base@17.0.12/java.util.concurrent.SynchronousQueue$TransferStack.transfer(SynchronousQueue.java:397)
  java.base@17.0.12/java.util.concurrent.SynchronousQueue.take(SynchronousQueue.java:886)
  java.base@17.0.12/java.util.concurrent.ThreadPoolExecutor.getTask(ThreadPoolExecutor.java:1062)
  java.base@17.0.12/java.util.concurrent.ThreadPoolExecutor.runWorker(ThreadPoolExecutor.java:1122)
  java.base@17.0.12/java.util.concurrent.ThreadPoolExecutor$Worker.run(ThreadPoolExecutor.java:635)
  java.base@17.0.12/java.lang.Thread.run(Thread.java:842)

Thread[Task monitor,5,main]
  java.base@17.0.12/jdk.internal.misc.Unsafe.park(Native Method)
  java.base@17.0.12/java.util.concurrent.locks.LockSupport.parkNanos(LockSupport.java:252)
  java.base@17.0.12/java.util.concurrent.locks.AbstractQueuedSynchronizer$ConditionObject.await(AbstractQueuedSynchronizer.java:1757)
  app//nextflow.processor.TaskPollingMonitor$_await_closure5.doCall(TaskPollingMonitor.groovy:529)
  app//nextflow.processor.TaskPollingMonitor$_await_closure5.call(TaskPollingMonitor.groovy)
  app//nextflow.extension.Bolts.withLock(Bolts.groovy:337)
  app//nextflow.extension.Bolts.withLock(Bolts.groovy)
  app//nextflow.processor.TaskPollingMonitor.await(TaskPollingMonitor.groovy:528)
  app//nextflow.processor.TaskPollingMonitor.pollLoop(TaskPollingMonitor.groovy:453)
  java.base@17.0.12/jdk.internal.reflect.NativeMethodAccessorImpl.invoke0(Native Method)
  java.base@17.0.12/jdk.internal.reflect.NativeMethodAccessorImpl.invoke(NativeMethodAccessorImpl.java:77)
  java.base@17.0.12/jdk.internal.reflect.DelegatingMethodAccessorImpl.invoke(DelegatingMethodAccessorImpl.java:43)
  java.base@17.0.12/java.lang.reflect.Method.invoke(Method.java:568)
  app//org.codehaus.groovy.reflection.CachedMethod.invoke(CachedMethod.java:343)
  app//groovy.lang.MetaMethod.doMethodInvoke(MetaMethod.java:328)
  app//groovy.lang.MetaClassImpl.doInvokeMethod(MetaClassImpl.java:1333)
  app//groovy.lang.MetaClassImpl.invokeMethod(MetaClassImpl.java:1088)
  app//groovy.lang.MetaClassImpl.invokeMethod(MetaClassImpl.java:1007)
  app//org.codehaus.groovy.runtime.InvokerHelper.invokePogoMethod(InvokerHelper.java:645)
  app//org.codehaus.groovy.runtime.InvokerHelper.invokeMethod(InvokerHelper.java:628)
  app//org.codehaus.groovy.runtime.InvokerHelper.invokeMethodSafe(InvokerHelper.java:82)
  app//nextflow.processor.TaskPollingMonitor$_start_closure2.doCall(TaskPollingMonitor.groovy:318)
  app//nextflow.processor.TaskPollingMonitor$_start_closure2.call(TaskPollingMonitor.groovy)
  app//groovy.lang.Closure.run(Closure.java:505)
  java.base@17.0.12/java.lang.Thread.run(Thread.java:842)

Thread[Actor Thread 17,5,main]
  java.base@17.0.12/jdk.internal.misc.Unsafe.park(Native Method)
  java.base@17.0.12/java.util.concurrent.locks.LockSupport.park(LockSupport.java:341)
  java.base@17.0.12/java.util.concurrent.SynchronousQueue$TransferStack$SNode.block(SynchronousQueue.java:288)
  java.base@17.0.12/java.util.concurrent.ForkJoinPool.unmanagedBlock(ForkJoinPool.java:3465)
  java.base@17.0.12/java.util.concurrent.ForkJoinPool.managedBlock(ForkJoinPool.java:3436)
  java.base@17.0.12/java.util.concurrent.SynchronousQueue$TransferStack.transfer(SynchronousQueue.java:397)
  java.base@17.0.12/java.util.concurrent.SynchronousQueue.take(SynchronousQueue.java:886)
  java.base@17.0.12/java.util.concurrent.ThreadPoolExecutor.getTask(ThreadPoolExecutor.java:1062)
  java.base@17.0.12/java.util.concurrent.ThreadPoolExecutor.runWorker(ThreadPoolExecutor.java:1122)
  java.base@17.0.12/java.util.concurrent.ThreadPoolExecutor$Worker.run(ThreadPoolExecutor.java:635)
  java.base@17.0.12/java.lang.Thread.run(Thread.java:842)

Thread[Actor Thread 5,5,main]
  java.base@17.0.12/jdk.internal.misc.Unsafe.park(Native Method)
  java.base@17.0.12/java.util.concurrent.locks.LockSupport.park(LockSupport.java:341)
  java.base@17.0.12/java.util.concurrent.SynchronousQueue$TransferStack$SNode.block(SynchronousQueue.java:288)
  java.base@17.0.12/java.util.concurrent.ForkJoinPool.unmanagedBlock(ForkJoinPool.java:3465)
  java.base@17.0.12/java.util.concurrent.ForkJoinPool.managedBlock(ForkJoinPool.java:3436)
  java.base@17.0.12/java.util.concurrent.SynchronousQueue$TransferStack.transfer(SynchronousQueue.java:397)
  java.base@17.0.12/java.util.concurrent.SynchronousQueue.take(SynchronousQueue.java:886)
  java.base@17.0.12/java.util.concurrent.ThreadPoolExecutor.getTask(ThreadPoolExecutor.java:1062)
  java.base@17.0.12/java.util.concurrent.ThreadPoolExecutor.runWorker(ThreadPoolExecutor.java:1122)
  java.base@17.0.12/java.util.concurrent.ThreadPoolExecutor$Worker.run(ThreadPoolExecutor.java:635)
  java.base@17.0.12/java.lang.Thread.run(Thread.java:842)

Thread[Actor Thread 19,5,main]
  java.base@17.0.12/jdk.internal.misc.Unsafe.park(Native Method)
  java.base@17.0.12/java.util.concurrent.locks.LockSupport.park(LockSupport.java:341)
  java.base@17.0.12/java.util.concurrent.SynchronousQueue$TransferStack$SNode.block(SynchronousQueue.java:288)
  java.base@17.0.12/java.util.concurrent.ForkJoinPool.unmanagedBlock(ForkJoinPool.java:3465)
  java.base@17.0.12/java.util.concurrent.ForkJoinPool.managedBlock(ForkJoinPool.java:3436)
  java.base@17.0.12/java.util.concurrent.SynchronousQueue$TransferStack.transfer(SynchronousQueue.java:397)
  java.base@17.0.12/java.util.concurrent.SynchronousQueue.take(SynchronousQueue.java:886)
  java.base@17.0.12/java.util.concurrent.ThreadPoolExecutor.getTask(ThreadPoolExecutor.java:1062)
  java.base@17.0.12/java.util.concurrent.ThreadPoolExecutor.runWorker(ThreadPoolExecutor.java:1122)
  java.base@17.0.12/java.util.concurrent.ThreadPoolExecutor$Worker.run(ThreadPoolExecutor.java:635)
  java.base@17.0.12/java.lang.Thread.run(Thread.java:842)

Thread[Actor Thread 9,5,main]
  java.base@17.0.12/jdk.internal.misc.Unsafe.park(Native Method)
  java.base@17.0.12/java.util.concurrent.locks.LockSupport.park(LockSupport.java:341)
  java.base@17.0.12/java.util.concurrent.SynchronousQueue$TransferStack$SNode.block(SynchronousQueue.java:288)
  java.base@17.0.12/java.util.concurrent.ForkJoinPool.unmanagedBlock(ForkJoinPool.java:3465)
  java.base@17.0.12/java.util.concurrent.ForkJoinPool.managedBlock(ForkJoinPool.java:3436)
  java.base@17.0.12/java.util.concurrent.SynchronousQueue$TransferStack.transfer(SynchronousQueue.java:397)
  java.base@17.0.12/java.util.concurrent.SynchronousQueue.take(SynchronousQueue.java:886)
  java.base@17.0.12/java.util.concurrent.ThreadPoolExecutor.getTask(ThreadPoolExecutor.java:1062)
  java.base@17.0.12/java.util.concurrent.ThreadPoolExecutor.runWorker(ThreadPoolExecutor.java:1122)
  java.base@17.0.12/java.util.concurrent.ThreadPoolExecutor$Worker.run(ThreadPoolExecutor.java:635)
  java.base@17.0.12/java.lang.Thread.run(Thread.java:842)

Thread[Actor Thread 4,5,main]
  java.base@17.0.12/jdk.internal.misc.Unsafe.park(Native Method)
  java.base@17.0.12/java.util.concurrent.locks.LockSupport.park(LockSupport.java:341)
  java.base@17.0.12/java.util.concurrent.SynchronousQueue$TransferStack$SNode.block(SynchronousQueue.java:288)
  java.base@17.0.12/java.util.concurrent.ForkJoinPool.unmanagedBlock(ForkJoinPool.java:3465)
  java.base@17.0.12/java.util.concurrent.ForkJoinPool.managedBlock(ForkJoinPool.java:3436)
  java.base@17.0.12/java.util.concurrent.SynchronousQueue$TransferStack.transfer(SynchronousQueue.java:397)
  java.base@17.0.12/java.util.concurrent.SynchronousQueue.take(SynchronousQueue.java:886)
  java.base@17.0.12/java.util.concurrent.ThreadPoolExecutor.getTask(ThreadPoolExecutor.java:1062)
  java.base@17.0.12/java.util.concurrent.ThreadPoolExecutor.runWorker(ThreadPoolExecutor.java:1122)
  java.base@17.0.12/java.util.concurrent.ThreadPoolExecutor$Worker.run(ThreadPoolExecutor.java:635)
  java.base@17.0.12/java.lang.Thread.run(Thread.java:842)

Thread[Common-Cleaner,8,InnocuousThreadGroup]
  java.base@17.0.12/java.lang.Object.wait(Native Method)
  java.base@17.0.12/java.lang.ref.ReferenceQueue.remove(ReferenceQueue.java:155)
  java.base@17.0.12/jdk.internal.ref.CleanerImpl.run(CleanerImpl.java:140)
  java.base@17.0.12/java.lang.Thread.run(Thread.java:842)
  java.base@17.0.12/jdk.internal.misc.InnocuousThread.run(InnocuousThread.java:162)

Thread[Actor Thread 1,5,main]
  java.base@17.0.12/jdk.internal.misc.Unsafe.park(Native Method)
  java.base@17.0.12/java.util.concurrent.locks.LockSupport.park(LockSupport.java:341)
  java.base@17.0.12/java.util.concurrent.SynchronousQueue$TransferStack$SNode.block(SynchronousQueue.java:288)
  java.base@17.0.12/java.util.concurrent.ForkJoinPool.unmanagedBlock(ForkJoinPool.java:3465)
  java.base@17.0.12/java.util.concurrent.ForkJoinPool.managedBlock(ForkJoinPool.java:3436)
  java.base@17.0.12/java.util.concurrent.SynchronousQueue$TransferStack.transfer(SynchronousQueue.java:397)
  java.base@17.0.12/java.util.concurrent.SynchronousQueue.take(SynchronousQueue.java:886)
  java.base@17.0.12/java.util.concurrent.ThreadPoolExecutor.getTask(ThreadPoolExecutor.java:1062)
  java.base@17.0.12/java.util.concurrent.ThreadPoolExecutor.runWorker(ThreadPoolExecutor.java:1122)
  java.base@17.0.12/java.util.concurrent.ThreadPoolExecutor$Worker.run(ThreadPoolExecutor.java:635)
  java.base@17.0.12/java.lang.Thread.run(Thread.java:842)

Thread[Actor Thread 16,5,main]
  java.base@17.0.12/jdk.internal.misc.Unsafe.park(Native Method)
  java.base@17.0.12/java.util.concurrent.locks.LockSupport.park(LockSupport.java:341)
  java.base@17.0.12/java.util.concurrent.SynchronousQueue$TransferStack$SNode.block(SynchronousQueue.java:288)
  java.base@17.0.12/java.util.concurrent.ForkJoinPool.unmanagedBlock(ForkJoinPool.java:3465)
  java.base@17.0.12/java.util.concurrent.ForkJoinPool.managedBlock(ForkJoinPool.java:3436)
  java.base@17.0.12/java.util.concurrent.SynchronousQueue$TransferStack.transfer(SynchronousQueue.java:397)
  java.base@17.0.12/java.util.concurrent.SynchronousQueue.take(SynchronousQueue.java:886)
  java.base@17.0.12/java.util.concurrent.ThreadPoolExecutor.getTask(ThreadPoolExecutor.java:1062)
  java.base@17.0.12/java.util.concurrent.ThreadPoolExecutor.runWorker(ThreadPoolExecutor.java:1122)
  java.base@17.0.12/java.util.concurrent.ThreadPoolExecutor$Worker.run(ThreadPoolExecutor.java:635)
  java.base@17.0.12/java.lang.Thread.run(Thread.java:842)

Thread[AnsiLogObserver,5,main]
  java.base@17.0.12/java.lang.Object.wait(Native Method)
  app//nextflow.trace.AnsiLogObserver.render0(AnsiLogObserver.groovy:185)
  java.base@17.0.12/jdk.internal.reflect.NativeMethodAccessorImpl.invoke0(Native Method)
  java.base@17.0.12/jdk.internal.reflect.NativeMethodAccessorImpl.invoke(NativeMethodAccessorImpl.java:77)
  java.base@17.0.12/jdk.internal.reflect.DelegatingMethodAccessorImpl.invoke(DelegatingMethodAccessorImpl.java:43)
  java.base@17.0.12/java.lang.reflect.Method.invoke(Method.java:568)
  app//org.codehaus.groovy.reflection.CachedMethod.invoke(CachedMethod.java:343)
  app//groovy.lang.MetaMethod.doMethodInvoke(MetaMethod.java:328)
  app//groovy.lang.MetaClassImpl.doInvokeMethod(MetaClassImpl.java:1333)
  app//groovy.lang.MetaClassImpl.invokeMethod(MetaClassImpl.java:1088)
  app//groovy.lang.MetaClassImpl.invokeMethodClosure(MetaClassImpl.java:1017)
  app//groovy.lang.MetaClassImpl.doInvokeMethod(MetaClassImpl.java:1207)
  app//groovy.lang.MetaClassImpl.invokeMethod(MetaClassImpl.java:1088)
  app//groovy.lang.MetaClassImpl.invokeMethod(MetaClassImpl.java:1007)
  app//groovy.lang.Closure.call(Closure.java:433)
  app//groovy.lang.Closure.call(Closure.java:412)
  app//groovy.lang.Closure.run(Closure.java:505)
  java.base@17.0.12/java.lang.Thread.run(Thread.java:842)

Thread[Actor Thread 3,5,main]
  java.base@17.0.12/jdk.internal.misc.Unsafe.park(Native Method)
  java.base@17.0.12/java.util.concurrent.locks.LockSupport.park(LockSupport.java:341)
  java.base@17.0.12/java.util.concurrent.SynchronousQueue$TransferStack$SNode.block(SynchronousQueue.java:288)
  java.base@17.0.12/java.util.concurrent.ForkJoinPool.unmanagedBlock(ForkJoinPool.java:3465)
  java.base@17.0.12/java.util.concurrent.ForkJoinPool.managedBlock(ForkJoinPool.java:3436)
  java.base@17.0.12/java.util.concurrent.SynchronousQueue$TransferStack.transfer(SynchronousQueue.java:397)
  java.base@17.0.12/java.util.concurrent.SynchronousQueue.take(SynchronousQueue.java:886)
  java.base@17.0.12/java.util.concurrent.ThreadPoolExecutor.getTask(ThreadPoolExecutor.java:1062)
  java.base@17.0.12/java.util.concurrent.ThreadPoolExecutor.runWorker(ThreadPoolExecutor.java:1122)
  java.base@17.0.12/java.util.concurrent.ThreadPoolExecutor$Worker.run(ThreadPoolExecutor.java:635)
  java.base@17.0.12/java.lang.Thread.run(Thread.java:842)

Thread[TaskFinalizer-1,5,main]
  java.base@17.0.12/java.lang.Thread.dumpThreads(Native Method)
  java.base@17.0.12/java.lang.Thread.getAllStackTraces(Thread.java:1673)
  app//nextflow.util.SysHelper.dumpThreads(SysHelper.groovy:188)
  app//nextflow.Session.abort(Session.groovy:800)
  app//nextflow.Session.fault(Session.groovy:766)
  app//nextflow.processor.TaskPollingMonitor.finalizeTask(TaskPollingMonitor.groovy:695)
  app//nextflow.processor.TaskPollingMonitor.safeFinalizeTask(TaskPollingMonitor.groovy:678)
  java.base@17.0.12/jdk.internal.reflect.NativeMethodAccessorImpl.invoke0(Native Method)
  java.base@17.0.12/jdk.internal.reflect.NativeMethodAccessorImpl.invoke(NativeMethodAccessorImpl.java:77)
  java.base@17.0.12/jdk.internal.reflect.DelegatingMethodAccessorImpl.invoke(DelegatingMethodAccessorImpl.java:43)
  java.base@17.0.12/java.lang.reflect.Method.invoke(Method.java:568)
  app//org.codehaus.groovy.reflection.CachedMethod.invoke(CachedMethod.java:343)
  app//groovy.lang.MetaMethod.doMethodInvoke(MetaMethod.java:328)
  app//groovy.lang.MetaClassImpl.doInvokeMethod(MetaClassImpl.java:1333)
  app//groovy.lang.MetaClassImpl.invokeMethod(MetaClassImpl.java:1088)
  app//groovy.lang.MetaClassImpl.invokeMethod(MetaClassImpl.java:1007)
  app//org.codehaus.groovy.runtime.InvokerHelper.invokePogoMethod(InvokerHelper.java:645)
  app//org.codehaus.groovy.runtime.InvokerHelper.invokeMethod(InvokerHelper.java:628)
  app//org.codehaus.groovy.runtime.InvokerHelper.invokeMethodSafe(InvokerHelper.java:82)
  app//nextflow.processor.TaskPollingMonitor$_checkTaskStatus_lambda8.doCall(TaskPollingMonitor.groovy:668)
  app//nextflow.processor.TaskPollingMonitor$$Lambda$430/0x00007e0d3c46c3f0.run(Unknown Source)
  java.base@17.0.12/java.util.concurrent.Executors$RunnableAdapter.call(Executors.java:539)
  java.base@17.0.12/java.util.concurrent.FutureTask.run(FutureTask.java:264)
  java.base@17.0.12/java.util.concurrent.ThreadPoolExecutor.runWorker(ThreadPoolExecutor.java:1136)
  java.base@17.0.12/java.util.concurrent.ThreadPoolExecutor$Worker.run(ThreadPoolExecutor.java:635)
  java.base@17.0.12/java.lang.Thread.run(Thread.java:842)

Thread[Actor Thread 6,5,main]
  java.base@17.0.12/jdk.internal.misc.Unsafe.park(Native Method)
  java.base@17.0.12/java.util.concurrent.locks.LockSupport.park(LockSupport.java:341)
  java.base@17.0.12/java.util.concurrent.SynchronousQueue$TransferStack$SNode.block(SynchronousQueue.java:288)
  java.base@17.0.12/java.util.concurrent.ForkJoinPool.unmanagedBlock(ForkJoinPool.java:3465)
  java.base@17.0.12/java.util.concurrent.ForkJoinPool.managedBlock(ForkJoinPool.java:3436)
  java.base@17.0.12/java.util.concurrent.SynchronousQueue$TransferStack.transfer(SynchronousQueue.java:397)
  java.base@17.0.12/java.util.concurrent.SynchronousQueue.take(SynchronousQueue.java:886)
  java.base@17.0.12/java.util.concurrent.ThreadPoolExecutor.getTask(ThreadPoolExecutor.java:1062)
  java.base@17.0.12/java.util.concurrent.ThreadPoolExecutor.runWorker(ThreadPoolExecutor.java:1122)
  java.base@17.0.12/java.util.concurrent.ThreadPoolExecutor$Worker.run(ThreadPoolExecutor.java:635)
  java.base@17.0.12/java.lang.Thread.run(Thread.java:842)

Thread[Actor Thread 22,5,main]
  java.base@17.0.12/java.lang.ClassLoader.defineClass1(Native Method)
  java.base@17.0.12/java.lang.ClassLoader.defineClass(ClassLoader.java:1017)
  java.base@17.0.12/java.security.SecureClassLoader.defineClass(SecureClassLoader.java:150)
  java.base@17.0.12/jdk.internal.loader.BuiltinClassLoader.defineClass(BuiltinClassLoader.java:862)
  java.base@17.0.12/jdk.internal.loader.BuiltinClassLoader.findClassOnClassPathOrNull(BuiltinClassLoader.java:760)
  java.base@17.0.12/jdk.internal.loader.BuiltinClassLoader.loadClassOrNull(BuiltinClassLoader.java:681)
  java.base@17.0.12/jdk.internal.loader.BuiltinClassLoader.loadClass(BuiltinClassLoader.java:639)
  java.base@17.0.12/jdk.internal.loader.ClassLoaders$AppClassLoader.loadClass(ClassLoaders.java:188)
  java.base@17.0.12/java.lang.ClassLoader.loadClass(ClassLoader.java:525)
  java.base@17.0.12/java.lang.ClassLoader.defineClass1(Native Method)
  java.base@17.0.12/java.lang.ClassLoader.defineClass(ClassLoader.java:1017)
  java.base@17.0.12/java.security.SecureClassLoader.defineClass(SecureClassLoader.java:150)
  java.base@17.0.12/jdk.internal.loader.BuiltinClassLoader.defineClass(BuiltinClassLoader.java:862)
  java.base@17.0.12/jdk.internal.loader.BuiltinClassLoader.findClassOnClassPathOrNull(BuiltinClassLoader.java:760)
  java.base@17.0.12/jdk.internal.loader.BuiltinClassLoader.loadClassOrNull(BuiltinClassLoader.java:681)
  java.base@17.0.12/jdk.internal.loader.BuiltinClassLoader.loadClass(BuiltinClassLoader.java:639)
  java.base@17.0.12/jdk.internal.loader.ClassLoaders$AppClassLoader.loadClass(ClassLoaders.java:188)
  java.base@17.0.12/java.lang.ClassLoader.loadClass(ClassLoader.java:525)
  java.base@17.0.12/java.lang.Class.getDeclaredConstructors0(Native Method)
  java.base@17.0.12/java.lang.Class.privateGetDeclaredConstructors(Class.java:3373)
  java.base@17.0.12/java.lang.Class.getConstructor0(Class.java:3578)
  java.base@17.0.12/java.lang.Class.newInstance(Class.java:626)
  app//com.esotericsoftware.kryo.serializers.FieldSerializer.getUnsafeFieldFactory(FieldSerializer.java:405)
  app//com.esotericsoftware.kryo.serializers.FieldSerializer.newMatchingCachedField(FieldSerializer.java:375)
  app//com.esotericsoftware.kryo.serializers.FieldSerializer.newCachedField(FieldSerializer.java:343)
  app//com.esotericsoftware.kryo.serializers.FieldSerializer.createCachedFields(FieldSerializer.java:307)
  app//com.esotericsoftware.kryo.serializers.FieldSerializer.rebuildCachedFields(FieldSerializer.java:239)
  app//com.esotericsoftware.kryo.serializers.FieldSerializer.rebuildCachedFields(FieldSerializer.java:156)
  app//com.esotericsoftware.kryo.serializers.FieldSerializer.<init>(FieldSerializer.java:133)
  java.base@17.0.12/jdk.internal.reflect.NativeConstructorAccessorImpl.newInstance0(Native Method)
  java.base@17.0.12/jdk.internal.reflect.NativeConstructorAccessorImpl.newInstance(NativeConstructorAccessorImpl.java:77)
  java.base@17.0.12/jdk.internal.reflect.DelegatingConstructorAccessorImpl.newInstance(DelegatingConstructorAccessorImpl.java:45)
  java.base@17.0.12/java.lang.reflect.Constructor.newInstanceWithCaller(Constructor.java:499)
  java.base@17.0.12/java.lang.reflect.Constructor.newInstance(Constructor.java:480)
  app//com.esotericsoftware.kryo.factories.ReflectionSerializerFactory.makeSerializer(ReflectionSerializerFactory.java:35)
  app//com.esotericsoftware.kryo.factories.ReflectionSerializerFactory.makeSerializer(ReflectionSerializerFactory.java:26)
  app//com.esotericsoftware.kryo.Kryo.newDefaultSerializer(Kryo.java:351)
  app//com.esotericsoftware.kryo.Kryo.getDefaultSerializer(Kryo.java:344)
  app//com.esotericsoftware.kryo.util.DefaultClassResolver.registerImplicit(DefaultClassResolver.java:56)
  app//com.esotericsoftware.kryo.Kryo.getRegistration(Kryo.java:461)
  app//com.esotericsoftware.kryo.util.DefaultClassResolver.writeClass(DefaultClassResolver.java:79)
  app//com.esotericsoftware.kryo.Kryo.writeClass(Kryo.java:488)
  app//com.esotericsoftware.kryo.Kryo.writeClassAndObject(Kryo.java:593)
  app//com.esotericsoftware.kryo.serializers.MapSerializer.write(MapSerializer.java:95)
  app//com.esotericsoftware.kryo.serializers.MapSerializer.write(MapSerializer.java:21)
  app//com.esotericsoftware.kryo.Kryo.writeClassAndObject(Kryo.java:599)
  java.base@17.0.12/java.lang.invoke.LambdaForm$DMH/0x00007e0d3c390000.invokeVirtual(LambdaForm$DMH)
  java.base@17.0.12/java.lang.invoke.LambdaForm$MH/0x00007e0d3c493c00.invoke(LambdaForm$MH)
  java.base@17.0.12/java.lang.invoke.LambdaForm$MH/0x00007e0d3c15f400.guardWithCatch(LambdaForm$MH)
  java.base@17.0.12/java.lang.invoke.LambdaForm$MH/0x00007e0d3c160000.reinvoke(LambdaForm$MH)
  java.base@17.0.12/java.lang.invoke.LambdaForm$MH/0x00007e0d3c160400.guard(LambdaForm$MH)
  java.base@17.0.12/java.lang.invoke.LambdaForm$MH/0x00007e0d3c160000.reinvoke(LambdaForm$MH)
  java.base@17.0.12/java.lang.invoke.LambdaForm$MH/0x00007e0d3c2e5400.invoke(LambdaForm$MH)
  java.base@17.0.12/java.lang.invoke.LambdaForm$MH/0x00007e0d3c0b9000.invokeExact_MT(LambdaForm$MH)
  app//org.codehaus.groovy.vmplugin.v8.IndyInterface.fromCache(IndyInterface.java:321)
  java.base@17.0.12/java.lang.invoke.LambdaForm$DMH/0x00007e0d3c0a6c00.invokeStatic(LambdaForm$DMH)
  java.base@17.0.12/java.lang.invoke.LambdaForm$MH/0x00007e0d3c15e800.invoke(LambdaForm$MH)
  java.base@17.0.12/java.lang.invoke.Invokers$Holder.linkToCallSite(Invokers$Holder)
  app//nextflow.util.KryoHelper.serialize(SerializationHelper.groovy:166)
  app//nextflow.trace.TraceRecord.serialize(TraceRecord.groovy:573)
  app//nextflow.cache.CacheDB.writeTaskEntry0(CacheDB.groovy:147)
  java.base@17.0.12/jdk.internal.reflect.NativeMethodAccessorImpl.invoke0(Native Method)
  java.base@17.0.12/jdk.internal.reflect.NativeMethodAccessorImpl.invoke(NativeMethodAccessorImpl.java:77)
  java.base@17.0.12/jdk.internal.reflect.DelegatingMethodAccessorImpl.invoke(DelegatingMethodAccessorImpl.java:43)
  java.base@17.0.12/java.lang.reflect.Method.invoke(Method.java:568)
  app//org.codehaus.groovy.reflection.CachedMethod.invoke(CachedMethod.java:343)
  app//groovy.lang.MetaMethod.doMethodInvoke(MetaMethod.java:328)
  app//groovy.lang.MetaClassImpl.doInvokeMethod(MetaClassImpl.java:1333)
  app//groovy.lang.MetaClassImpl.invokeMethod(MetaClassImpl.java:1088)
  app//groovy.lang.MetaClassImpl.invokeMethod(MetaClassImpl.java:1007)
  app//org.codehaus.groovy.runtime.InvokerHelper.invokePogoMethod(InvokerHelper.java:645)
  app//org.codehaus.groovy.runtime.InvokerHelper.invokeMethod(InvokerHelper.java:628)
  app//org.codehaus.groovy.runtime.InvokerHelper.invokeMethodSafe(InvokerHelper.java:82)
  app//nextflow.cache.CacheDB$_putTaskAsync_closure1.doCall(CacheDB.groovy:157)
  app//nextflow.cache.CacheDB$_putTaskAsync_closure1.call(CacheDB.groovy)
  app//groovyx.gpars.agent.AgentBase.onMessage(AgentBase.java:102)
  app//groovyx.gpars.agent.Agent.handleMessage(Agent.java:84)
  app//groovyx.gpars.agent.AgentCore$1.handleMessage(AgentCore.java:48)
  app//groovyx.gpars.util.AsyncMessagingCore.run(AsyncMessagingCore.java:132)
  java.base@17.0.12/java.util.concurrent.ThreadPoolExecutor.runWorker(ThreadPoolExecutor.java:1136)
  java.base@17.0.12/java.util.concurrent.ThreadPoolExecutor$Worker.run(ThreadPoolExecutor.java:635)
  java.base@17.0.12/java.lang.Thread.run(Thread.java:842)

Thread[Actor Thread 15,5,main]
  java.base@17.0.12/jdk.internal.misc.Unsafe.park(Native Method)
  java.base@17.0.12/java.util.concurrent.locks.LockSupport.park(LockSupport.java:341)
  java.base@17.0.12/java.util.concurrent.SynchronousQueue$TransferStack$SNode.block(SynchronousQueue.java:288)
  java.base@17.0.12/java.util.concurrent.ForkJoinPool.unmanagedBlock(ForkJoinPool.java:3465)
  java.base@17.0.12/java.util.concurrent.ForkJoinPool.managedBlock(ForkJoinPool.java:3436)
  java.base@17.0.12/java.util.concurrent.SynchronousQueue$TransferStack.transfer(SynchronousQueue.java:397)
  java.base@17.0.12/java.util.concurrent.SynchronousQueue.take(SynchronousQueue.java:886)
  java.base@17.0.12/java.util.concurrent.ThreadPoolExecutor.getTask(ThreadPoolExecutor.java:1062)
  java.base@17.0.12/java.util.concurrent.ThreadPoolExecutor.runWorker(ThreadPoolExecutor.java:1122)
  java.base@17.0.12/java.util.concurrent.ThreadPoolExecutor$Worker.run(ThreadPoolExecutor.java:635)
  java.base@17.0.12/java.lang.Thread.run(Thread.java:842)

Jun-22 13:24:55.772 [main] DEBUG nextflow.Session - Session await > all barriers passed
Jun-22 13:24:55.772 [Task monitor] DEBUG n.processor.TaskPollingMonitor - <<< barrier arrives (monitor: local) - terminating tasks monitor poll loop
Jun-22 13:24:55.780 [main] DEBUG n.trace.WorkflowStatsObserver - Workflow completed > WorkflowStats[succeededCount=0; failedCount=1; ignoredCount=0; cachedCount=0; pendingCount=0; submittedCount=0; runningCount=0; retriesCount=0; abortedCount=0; succeedDuration=0ms; failedDuration=3s; cachedDuration=0ms;loadCpus=0; loadMemory=0; peakRunning=1; peakCpus=22; peakMemory=48 GB; ]
Jun-22 13:24:55.780 [main] DEBUG nextflow.trace.TraceFileObserver - Workflow completed -- saving trace file
Jun-22 13:24:55.781 [main] DEBUG nextflow.trace.ReportObserver - Workflow completed -- rendering execution report
Jun-22 13:24:56.077 [main] DEBUG nextflow.trace.TimelineObserver - Workflow completed -- rendering execution timeline
Jun-22 13:24:56.128 [main] DEBUG nextflow.cache.CacheDB - Closing CacheDB done
Jun-22 13:24:56.134 [main] DEBUG nextflow.script.ScriptRunner - > Execution complete -- Goodbye
